\BOOKMARK [0][-]{chapter*.6}{List\040of\040Figures}{}% 1
\BOOKMARK [0][-]{chapter*.7}{List\040of\040Tables}{}% 2
\BOOKMARK [0][-]{chapter.1}{Introduction}{}% 3
\BOOKMARK [1][-]{section.1.1}{Aim\040and\040objectives\040of\040this\040research}{chapter.1}% 4
\BOOKMARK [1][-]{section.1.2}{Significant\040new\040knowledge\040to\040the\040research\040area}{chapter.1}% 5
\BOOKMARK [1][-]{section.1.3}{Thesis\040overview}{chapter.1}% 6
\BOOKMARK [0][-]{chapter.2}{Literature\040Review}{}% 7
\BOOKMARK [1][-]{section.2.1}{Solar\040air\040heating\040collectors}{chapter.2}% 8
\BOOKMARK [2][-]{subsection.2.1.1}{Energy\040analysis}{section.2.1}% 9
\BOOKMARK [2][-]{subsection.2.1.2}{Effect\040of\040absorber\040surface}{section.2.1}% 10
\BOOKMARK [3][-]{subsubsection.2.1.2.1}{Absorber\040material\040and\040coatings}{subsection.2.1.2}% 11
\BOOKMARK [3][-]{subsubsection.2.1.2.2}{Effect\040of\040porosity,\040perforation\040diameter\040and\040pitch}{subsection.2.1.2}% 12
\BOOKMARK [3][-]{subsubsection.2.1.2.3}{Effect\040of\040absorber\040thickness}{subsection.2.1.2}% 13
\BOOKMARK [3][-]{subsubsection.2.1.2.4}{Effect\040of\040the\040absorber\040modified\040area}{subsection.2.1.2}% 14
\BOOKMARK [2][-]{subsection.2.1.3}{Effect\040of\040glazing\040cover}{section.2.1}% 15
\BOOKMARK [2][-]{subsection.2.1.4}{Effect\040of\040airflow\040rate}{section.2.1}% 16
\BOOKMARK [2][-]{subsection.2.1.5}{System\040modification}{section.2.1}% 17
\BOOKMARK [3][-]{subsubsection.2.1.5.1}{Air\040passage\040through\040the\040collector}{subsection.2.1.5}% 18
\BOOKMARK [3][-]{subsubsection.2.1.5.2}{Channel's\040dimensions}{subsection.2.1.5}% 19
\BOOKMARK [3][-]{subsubsection.2.1.5.3}{Connection\040of\040collectors}{subsection.2.1.5}% 20
\BOOKMARK [1][-]{section.2.2}{Concentrating\040collectors}{chapter.2}% 21
\BOOKMARK [2][-]{subsection.2.2.1}{Optical\040analysis}{section.2.2}% 22
\BOOKMARK [3][-]{subsubsection.2.2.1.1}{Solar\040radiation\040and\040intercept\040factor}{subsection.2.2.1}% 23
\BOOKMARK [3][-]{subsubsection.2.2.1.2}{Collector's\040inclination\040and\040orientation}{subsection.2.2.1}% 24
\BOOKMARK [3][-]{subsubsection.2.2.1.3}{Glazing\040optics}{subsection.2.2.1}% 25
\BOOKMARK [3][-]{subsubsection.2.2.1.4}{End\040losses}{subsection.2.2.1}% 26
\BOOKMARK [3][-]{subsubsection.2.2.1.5}{Truncation}{subsection.2.2.1}% 27
\BOOKMARK [2][-]{subsection.2.2.2}{The\040Compound\040Parabolic\040Concentrator\040\(CPC\)\040family}{section.2.2}% 28
\BOOKMARK [3][-]{subsubsection.2.2.2.1}{Symmetric\040CPC}{subsection.2.2.2}% 29
\BOOKMARK [3][-]{subsubsection.2.2.2.2}{Asymmetric\040CPC}{subsection.2.2.2}% 30
\BOOKMARK [3][-]{subsubsection.2.2.2.3}{ACPC\040with\040Inverted\040Absorber}{subsection.2.2.2}% 31
\BOOKMARK [2][-]{subsection.2.2.3}{Optical\040systems\040and\040Ray\040tracing\040technique}{section.2.2}% 32
\BOOKMARK [1][-]{section.2.3}{Building\040integration\040of\040solar\040systems}{chapter.2}% 33
\BOOKMARK [2][-]{subsection.2.3.1}{Building\040integrated\040solar\040thermal\040collectors\040for\040air\040heating}{section.2.3}% 34
\BOOKMARK [0][-]{chapter.3}{Optical\040Modelling\040and\040Design\040Analysis}{}% 35
\BOOKMARK [1][-]{section.3.1}{Aims\040and\040objectives}{chapter.3}% 36
\BOOKMARK [1][-]{section.3.2}{Design\040considerations\040of\040the\040concentrator}{chapter.3}% 37
\BOOKMARK [2][-]{subsection.3.2.1}{Overall\040assembly}{section.3.2}% 38
\BOOKMARK [2][-]{subsection.3.2.2}{Glazing\040position}{section.3.2}% 39
\BOOKMARK [2][-]{subsection.3.2.3}{Aperture\040position}{section.3.2}% 40
\BOOKMARK [2][-]{subsection.3.2.4}{Parabolic\040shape}{section.3.2}% 41
\BOOKMARK [2][-]{subsection.3.2.5}{Cavity\040height}{section.3.2}% 42
\BOOKMARK [1][-]{section.3.3}{Operation\040conditions}{chapter.3}% 43
\BOOKMARK [1][-]{section.3.4}{Reflector's\040design\040specification}{chapter.3}% 44
\BOOKMARK [2][-]{subsection.3.4.1}{Parabolic\040reflectors\040design}{section.3.4}% 45
\BOOKMARK [2][-]{subsection.3.4.2}{Circular\040reflector\040design}{section.3.4}% 46
\BOOKMARK [2][-]{subsection.3.4.3}{Straight\040reflector\040design}{section.3.4}% 47
\BOOKMARK [2][-]{subsection.3.4.4}{End\040reflectors\040design}{section.3.4}% 48
\BOOKMARK [2][-]{subsection.3.4.5}{Summary\040of\040overall\040coordinates}{section.3.4}% 49
\BOOKMARK [1][-]{section.3.5}{Ray\040Tracing\040and\040Optical\040Modelling}{chapter.3}% 50
\BOOKMARK [1][-]{section.3.6}{Results\040and\040Discussion}{chapter.3}% 51
\BOOKMARK [2][-]{subsection.3.6.1}{Overview\040and\040collector\040specification}{section.3.6}% 52
\BOOKMARK [2][-]{subsection.3.6.2}{Effect\040of\040the\040glazing\040inclination\040on\040the\040light\040transmittance}{section.3.6}% 53
\BOOKMARK [2][-]{subsection.3.6.3}{Design\040analysis\040of\040standalone\040collectors}{section.3.6}% 54
\BOOKMARK [2][-]{subsection.3.6.4}{Optical\040performance\040of\040standalone\040collectors}{section.3.6}% 55
\BOOKMARK [3][-]{subsubsection.3.6.4.1}{Optical\040performance\040by\040varying\040parabolic\040shape\040and\040truncation\040level}{subsection.3.6.4}% 56
\BOOKMARK [3][-]{subsubsection.3.6.4.2}{Optical\040performance\040by\040varying\040concentrator\040length}{subsection.3.6.4}% 57
\BOOKMARK [2][-]{subsection.3.6.5}{Selection\040of\040the\040collector\040to\040be\040fabricated}{section.3.6}% 58
\BOOKMARK [1][-]{section.3.7}{Optical\040characterisation\040of\040the\040proposed\040collector}{chapter.3}% 59
\BOOKMARK [2][-]{subsection.3.7.1}{Effect\040of\040the\040cavity\040height}{section.3.7}% 60
\BOOKMARK [2][-]{subsection.3.7.2}{Optical\040efficiency\040profile}{section.3.7}% 61
\BOOKMARK [1][-]{section.3.8}{Chapter\040Summary}{chapter.3}% 62
\BOOKMARK [0][-]{chapter.4}{Experimental\040performance\040analysis}{}% 63
\BOOKMARK [1][-]{section.4.1}{Materials\040for\040the\040prototype}{chapter.4}% 64
\BOOKMARK [2][-]{subsection.4.1.1}{Absorber\040surface\040selection}{section.4.1}% 65
\BOOKMARK [2][-]{subsection.4.1.2}{Glazing\040cover\040selection}{section.4.1}% 66
\BOOKMARK [2][-]{subsection.4.1.3}{Reflector\040surface\040selection}{section.4.1}% 67
\BOOKMARK [2][-]{subsection.4.1.4}{Prototype's\040structure}{section.4.1}% 68
\BOOKMARK [1][-]{section.4.2}{Instrumentation\040of\040the\040experimental\040unit}{chapter.4}% 69
\BOOKMARK [1][-]{section.4.3}{Experimental\040results\040from\040the\040air\040heating\040prototype}{chapter.4}% 70
\BOOKMARK [2][-]{subsection.4.3.1}{Experimental\040results\040at\040transient\040state}{section.4.3}% 71
\BOOKMARK [3][-]{subsubsection.4.3.1.1}{Experimental\040results\040at\040zero\040airflow}{subsection.4.3.1}% 72
\BOOKMARK [3][-]{subsubsection.4.3.1.2}{Experimental\040results\040with\040airflow}{subsection.4.3.1}% 73
\BOOKMARK [2][-]{subsection.4.3.2}{Experimental\040characterisation\040at\040nearly\040steady\040state}{section.4.3}% 74
\BOOKMARK [1][-]{section.4.4}{Chapter\040summary}{chapter.4}% 75
\BOOKMARK [0][-]{chapter.5}{Heat\040Transfer\040Modelling\040and\040Simulation}{}% 76
\BOOKMARK [1][-]{section.5.1}{Solar\040air\040heating\040collector's\040heat\040transfer\040modelling}{chapter.5}% 77
\BOOKMARK [2][-]{subsection.5.1.1}{Absorbed\040solar\040radiation\040terms}{section.5.1}% 78
\BOOKMARK [2][-]{subsection.5.1.2}{Radiative\040heat\040transfer\040coefficients}{section.5.1}% 79
\BOOKMARK [2][-]{subsection.5.1.3}{Convective\040heat\040transfer\040coefficients}{section.5.1}% 80
\BOOKMARK [1][-]{section.5.2}{Simulation\040results\040and\040model\040validation}{chapter.5}% 81
\BOOKMARK [2][-]{subsection.5.2.1}{Simulation\040settings}{section.5.2}% 82
\BOOKMARK [2][-]{subsection.5.2.2}{Model\040validation}{section.5.2}% 83
\BOOKMARK [3][-]{subsubsection.5.2.2.1}{Validation\040of\040results\040at\040low\040airflow\040rate}{subsection.5.2.2}% 84
\BOOKMARK [3][-]{subsubsection.5.2.2.2}{Validation\040of\040results\040at\040low-med\040airflow\040rate}{subsection.5.2.2}% 85
\BOOKMARK [3][-]{subsubsection.5.2.2.3}{Validation\040of\040results\040at\040medium\040airflow\040rate}{subsection.5.2.2}% 86
\BOOKMARK [3][-]{subsubsection.5.2.2.4}{Validation\040of\040results\040at\040medium-high\040airflow\040rate}{subsection.5.2.2}% 87
\BOOKMARK [3][-]{subsubsection.5.2.2.5}{Validation\040of\040results\040at\040high\040airflow\040rate}{subsection.5.2.2}% 88
\BOOKMARK [1][-]{section.5.3}{Thermal\040characterisation\040from\040simulation\040results}{chapter.5}% 89
\BOOKMARK [2][-]{subsection.5.3.1}{Thermal\040performance\040of\040a\040single\040collector}{section.5.3}% 90
\BOOKMARK [2][-]{subsection.5.3.2}{Simulation\040of\040three\040connected\040collectors}{section.5.3}% 91
\BOOKMARK [3][-]{subsubsection.5.3.2.1}{Connection\040in\040series}{subsection.5.3.2}% 92
\BOOKMARK [3][-]{subsubsection.5.3.2.2}{Connection\040in\040parallel}{subsection.5.3.2}% 93
\BOOKMARK [1][-]{section.5.4}{Case\040study:\040barley\040drying}{chapter.5}% 94
\BOOKMARK [2][-]{subsection.5.4.1}{Scenario\0401\040\205\040Air\040heating\040by\040gas\040burner\040alone}{section.5.4}% 95
\BOOKMARK [2][-]{subsection.5.4.2}{Scenario\0402\040\205\040Air\040heating\040using\040gas\040burner\040and\040solar\040system}{section.5.4}% 96
\BOOKMARK [2][-]{subsection.5.4.3}{Scenario\0403\040\205\040Air\040heating\040using\040solar\040system\040alone}{section.5.4}% 97
\BOOKMARK [1][-]{section.5.5}{Chapter\040Summary}{chapter.5}% 98
\BOOKMARK [0][-]{chapter.6}{Conclusions}{}% 99
\BOOKMARK [0][-]{chapter*.109}{References}{}% 100
